[2024-09-06 10:00:40,251: INFO: main: Welcme to Chest Cancer Classifier]
[2024-09-07 22:07:49,204: INFO: common: yaml file: config\config.yaml loaded successfully]
[2024-09-07 22:07:49,216: INFO: common: yaml file: params.yaml loaded successfully]
[2024-09-07 22:07:49,218: INFO: common: created directory at: artifacts]
[2024-09-07 22:07:49,221: INFO: common: created directory at: artifacts/data_ingestion]
[2024-09-07 22:07:49,224: INFO: 1930511925: Downloading data from https://drive.google.com/file/d/1A5ecbptJJC2xtEA_ah2dA7ouO7P1Pzet/view?usp=sharing into file artifacts/data_ingestion/data.zip]
[2024-09-07 22:07:59,772: INFO: 1930511925: Downloaded data from https://drive.google.com/file/d/1A5ecbptJJC2xtEA_ah2dA7ouO7P1Pzet/view?usp=sharing into file artifacts/data_ingestion/data.zip]
[2024-09-07 22:33:12,306: INFO: main: >>>>>>>>>> stageData Ingestion Stage started <<<<<<<<<<]
[2024-09-07 22:33:12,308: INFO: common: yaml file: config\config.yaml loaded successfully]
[2024-09-07 22:33:12,309: INFO: common: yaml file: params.yaml loaded successfully]
[2024-09-07 22:33:12,324: INFO: common: created directory at: artifacts]
[2024-09-07 22:33:12,324: INFO: common: created directory at: artifacts/data_ingestion]
[2024-09-07 22:33:12,325: INFO: data_ingestion: Downloading data from https://drive.google.com/file/d/1A5ecbptJJC2xtEA_ah2dA7ouO7P1Pzet/view?usp=sharing into file artifacts/data_ingestion/data.zip]
[2024-09-07 22:33:24,037: INFO: data_ingestion: Downloaded data from https://drive.google.com/file/d/1A5ecbptJJC2xtEA_ah2dA7ouO7P1Pzet/view?usp=sharing into file artifacts/data_ingestion/data.zip]
[2024-09-07 22:33:24,853: INFO: main: >>>>>>>>>> stageData Ingestion Stage completed <<<<<<<<<<
 
=======x]
[2024-09-08 11:42:45,319: INFO: common: yaml file: config\config.yaml loaded successfully]
[2024-09-08 11:42:45,329: INFO: common: yaml file: params.yaml loaded successfully]
[2024-09-08 11:42:45,332: INFO: common: created directory at: artifacts]
[2024-09-08 11:42:45,333: INFO: common: created directory at: artifacts/prepare_base_model]
[2024-09-08 11:42:54,964: WARNING: saving_utils: Compiled the loaded model, but the compiled metrics have yet to be built. `model.compile_metrics` will be empty until you train or evaluate the model.]
[2024-09-08 12:04:19,620: INFO: main: >>>>>>>>>> stageData Ingestion Stage started <<<<<<<<<<]
[2024-09-08 12:04:19,622: INFO: common: yaml file: config\config.yaml loaded successfully]
[2024-09-08 12:04:19,624: INFO: common: yaml file: params.yaml loaded successfully]
[2024-09-08 12:04:19,625: INFO: common: created directory at: artifacts]
[2024-09-08 12:04:19,625: INFO: common: created directory at: artifacts/data_ingestion]
[2024-09-08 12:04:19,625: INFO: data_ingestion: Downloading data from https://drive.google.com/file/d/1A5ecbptJJC2xtEA_ah2dA7ouO7P1Pzet/view?usp=sharing into file artifacts/data_ingestion/data.zip]
[2024-09-08 12:04:29,219: INFO: data_ingestion: Downloaded data from https://drive.google.com/file/d/1A5ecbptJJC2xtEA_ah2dA7ouO7P1Pzet/view?usp=sharing into file artifacts/data_ingestion/data.zip]
[2024-09-08 12:04:29,924: INFO: main: >>>>>>>>>> stageData Ingestion Stage completed <<<<<<<<<<
 
=======x]
[2024-09-08 12:48:53,958: INFO: common: yaml file: config\config.yaml loaded successfully]
[2024-09-08 12:48:53,976: INFO: common: yaml file: params.yaml loaded successfully]
[2024-09-08 12:48:53,978: INFO: common: created directory at: artifacts]
[2024-09-08 12:48:53,980: INFO: common: created directory at: artifacts\training]
[2024-09-08 13:55:28,575: INFO: main: >>>>>>>>>> stageData Ingestion Stage started <<<<<<<<<<]
[2024-09-08 13:55:28,579: INFO: common: yaml file: config\config.yaml loaded successfully]
[2024-09-08 13:55:28,581: INFO: common: yaml file: params.yaml loaded successfully]
[2024-09-08 13:55:28,583: INFO: common: created directory at: artifacts]
[2024-09-08 13:55:28,583: INFO: common: created directory at: artifacts/data_ingestion]
[2024-09-08 13:55:28,583: INFO: data_ingestion: Downloading data from https://drive.google.com/file/d/1A5ecbptJJC2xtEA_ah2dA7ouO7P1Pzet/view?usp=sharing into file artifacts/data_ingestion/data.zip]
[2024-09-08 13:55:41,050: INFO: data_ingestion: Downloaded data from https://drive.google.com/file/d/1A5ecbptJJC2xtEA_ah2dA7ouO7P1Pzet/view?usp=sharing into file artifacts/data_ingestion/data.zip]
[2024-09-08 13:55:41,911: INFO: main: >>>>>>>>>> stageData Ingestion Stage completed <<<<<<<<<<
 
=======x]
[2024-09-08 13:55:41,913: INFO: main: *******************]
[2024-09-08 13:55:41,913: INFO: main: >>>>>> stage Prepare base model started <<<<<<]
[2024-09-08 13:55:41,916: INFO: common: yaml file: config\config.yaml loaded successfully]
[2024-09-08 13:55:41,920: INFO: common: yaml file: params.yaml loaded successfully]
[2024-09-08 13:55:41,921: INFO: common: created directory at: artifacts]
[2024-09-08 13:55:41,922: INFO: common: created directory at: artifacts/prepare_base_model]
[2024-09-08 13:55:42,684: WARNING: saving_utils: Compiled the loaded model, but the compiled metrics have yet to be built. `model.compile_metrics` will be empty until you train or evaluate the model.]
[2024-09-08 13:55:43,112: INFO: main: >>>>>> stage Prepare base model completed <<<<<<

x==========x]
[2024-09-08 13:55:43,114: INFO: main: *******************]
[2024-09-08 13:55:43,114: INFO: main: >>>>>> stage Training started <<<<<<]
[2024-09-08 13:55:43,118: INFO: common: yaml file: config\config.yaml loaded successfully]
[2024-09-08 13:55:43,120: INFO: common: yaml file: params.yaml loaded successfully]
[2024-09-08 13:55:43,121: INFO: common: created directory at: artifacts]
[2024-09-08 13:55:43,136: INFO: common: created directory at: artifacts\training]
[2024-09-08 13:56:15,625: INFO: main: >>>>>> stage Training completed <<<<<<

x==========x]
[2024-09-08 15:17:00,996: INFO: common: yaml file: config\config.yaml loaded successfully]
[2024-09-08 15:17:01,002: INFO: common: yaml file: params.yaml loaded successfully]
[2024-09-08 15:17:01,005: INFO: common: created directory at: artifacts]
[2024-09-08 15:17:12,661: INFO: common: json file saved at: scores.json]
[2024-09-08 15:17:17,343: WARNING: save: Found untraced functions such as _jit_compiled_convolution_op, _jit_compiled_convolution_op, _jit_compiled_convolution_op, _jit_compiled_convolution_op, _jit_compiled_convolution_op while saving (showing 5 of 14). These functions will not be directly callable after loading.]
[2024-09-08 15:17:18,427: INFO: builder_impl: Assets written to: C:\Users\aarus\AppData\Local\Temp\tmpj271mljb\model\data\model\assets]
[2024-09-08 15:40:56,445: INFO: main: >>>>>>>>>> stageData Ingestion Stage started <<<<<<<<<<]
[2024-09-08 15:40:56,454: INFO: common: yaml file: config\config.yaml loaded successfully]
[2024-09-08 15:40:56,459: INFO: common: yaml file: params.yaml loaded successfully]
[2024-09-08 15:40:56,460: INFO: common: created directory at: artifacts]
[2024-09-08 15:40:56,461: INFO: common: created directory at: artifacts/data_ingestion]
[2024-09-08 15:40:56,464: INFO: data_ingestion: Downloading data from https://drive.google.com/file/d/1A5ecbptJJC2xtEA_ah2dA7ouO7P1Pzet/view?usp=sharing into file artifacts/data_ingestion/data.zip]
[2024-09-08 15:41:09,337: INFO: data_ingestion: Downloaded data from https://drive.google.com/file/d/1A5ecbptJJC2xtEA_ah2dA7ouO7P1Pzet/view?usp=sharing into file artifacts/data_ingestion/data.zip]
[2024-09-08 15:41:10,056: INFO: main: >>>>>>>>>> stageData Ingestion Stage completed <<<<<<<<<<
 
=======x]
[2024-09-08 15:41:10,058: INFO: main: *******************]
[2024-09-08 15:41:10,058: INFO: main: >>>>>> stage Prepare base model started <<<<<<]
[2024-09-08 15:41:10,061: INFO: common: yaml file: config\config.yaml loaded successfully]
[2024-09-08 15:41:10,065: INFO: common: yaml file: params.yaml loaded successfully]
[2024-09-08 15:41:10,066: INFO: common: created directory at: artifacts]
[2024-09-08 15:41:10,067: INFO: common: created directory at: artifacts/prepare_base_model]
[2024-09-08 15:41:10,727: WARNING: saving_utils: Compiled the loaded model, but the compiled metrics have yet to be built. `model.compile_metrics` will be empty until you train or evaluate the model.]
[2024-09-08 15:41:11,046: INFO: main: >>>>>> stage Prepare base model completed <<<<<<

x==========x]
[2024-09-08 15:41:11,047: INFO: main: *******************]
[2024-09-08 15:41:11,047: INFO: main: >>>>>> stage Training started <<<<<<]
[2024-09-08 15:41:11,050: INFO: common: yaml file: config\config.yaml loaded successfully]
[2024-09-08 15:41:11,054: INFO: common: yaml file: params.yaml loaded successfully]
[2024-09-08 15:41:11,055: INFO: common: created directory at: artifacts]
[2024-09-08 15:41:11,055: INFO: common: created directory at: artifacts\training]
[2024-09-08 15:41:44,609: INFO: main: >>>>>> stage Training completed <<<<<<

x==========x]
[2024-09-08 15:41:44,610: INFO: main: *******************]
[2024-09-08 15:41:44,611: INFO: main: >>>>>> stage Evaluation stage started <<<<<<]
[2024-09-08 15:41:44,611: ERROR: main: name 'EvaluationPipeline' is not defined]
Traceback (most recent call last):
  File "D:\Projects\Chest CT scan project\main.py", line 52, in <module>
    model_evalution = EvaluationPipeline()
                      ^^^^^^^^^^^^^^^^^^
NameError: name 'EvaluationPipeline' is not defined
[2024-09-08 15:43:17,268: INFO: main: >>>>>>>>>> stageData Ingestion Stage started <<<<<<<<<<]
[2024-09-08 15:43:17,273: INFO: common: yaml file: config\config.yaml loaded successfully]
[2024-09-08 15:43:17,291: INFO: common: yaml file: params.yaml loaded successfully]
[2024-09-08 15:43:17,292: INFO: common: created directory at: artifacts]
[2024-09-08 15:43:17,307: INFO: common: created directory at: artifacts/data_ingestion]
[2024-09-08 15:43:17,308: INFO: data_ingestion: Downloading data from https://drive.google.com/file/d/1A5ecbptJJC2xtEA_ah2dA7ouO7P1Pzet/view?usp=sharing into file artifacts/data_ingestion/data.zip]
[2024-09-08 15:43:31,050: INFO: data_ingestion: Downloaded data from https://drive.google.com/file/d/1A5ecbptJJC2xtEA_ah2dA7ouO7P1Pzet/view?usp=sharing into file artifacts/data_ingestion/data.zip]
[2024-09-08 15:43:31,834: INFO: main: >>>>>>>>>> stageData Ingestion Stage completed <<<<<<<<<<
 
=======x]
[2024-09-08 15:43:31,835: INFO: main: *******************]
[2024-09-08 15:43:31,835: INFO: main: >>>>>> stage Prepare base model started <<<<<<]
[2024-09-08 15:43:31,838: INFO: common: yaml file: config\config.yaml loaded successfully]
[2024-09-08 15:43:31,842: INFO: common: yaml file: params.yaml loaded successfully]
[2024-09-08 15:43:31,843: INFO: common: created directory at: artifacts]
[2024-09-08 15:43:31,844: INFO: common: created directory at: artifacts/prepare_base_model]
[2024-09-08 15:43:32,651: WARNING: saving_utils: Compiled the loaded model, but the compiled metrics have yet to be built. `model.compile_metrics` will be empty until you train or evaluate the model.]
[2024-09-08 15:43:33,163: INFO: main: >>>>>> stage Prepare base model completed <<<<<<

x==========x]
[2024-09-08 15:43:33,165: INFO: main: *******************]
[2024-09-08 15:43:33,165: INFO: main: >>>>>> stage Training started <<<<<<]
[2024-09-08 15:43:33,168: INFO: common: yaml file: config\config.yaml loaded successfully]
[2024-09-08 15:43:33,172: INFO: common: yaml file: params.yaml loaded successfully]
[2024-09-08 15:43:33,173: INFO: common: created directory at: artifacts]
[2024-09-08 15:43:33,174: INFO: common: created directory at: artifacts\training]
[2024-09-08 15:44:38,362: INFO: main: >>>>>> stage Training completed <<<<<<

x==========x]
[2024-09-08 15:44:38,365: INFO: main: *******************]
[2024-09-08 15:44:38,365: INFO: main: >>>>>> stage Evaluation stage started <<<<<<]
[2024-09-08 15:44:38,370: INFO: common: yaml file: config\config.yaml loaded successfully]
[2024-09-08 15:44:38,372: INFO: common: yaml file: params.yaml loaded successfully]
[2024-09-08 15:44:38,373: INFO: common: created directory at: artifacts]
[2024-09-08 15:44:48,836: INFO: common: json file saved at: scores.json]
[2024-09-08 15:44:48,837: INFO: common: json file saved at: scores.json]
[2024-09-08 15:44:48,838: INFO: main: >>>>>> stage Evaluation stage completed <<<<<<

x==========x]
[2024-09-08 15:45:29,303: INFO: main: >>>>>>>>>> stageData Ingestion Stage started <<<<<<<<<<]
[2024-09-08 15:45:29,307: INFO: common: yaml file: config\config.yaml loaded successfully]
[2024-09-08 15:45:29,349: INFO: common: yaml file: params.yaml loaded successfully]
[2024-09-08 15:45:29,361: INFO: common: created directory at: artifacts]
[2024-09-08 15:45:29,369: INFO: common: created directory at: artifacts/data_ingestion]
[2024-09-08 15:45:29,370: INFO: data_ingestion: Downloading data from https://drive.google.com/file/d/1A5ecbptJJC2xtEA_ah2dA7ouO7P1Pzet/view?usp=sharing into file artifacts/data_ingestion/data.zip]
[2024-09-08 15:45:41,798: INFO: data_ingestion: Downloaded data from https://drive.google.com/file/d/1A5ecbptJJC2xtEA_ah2dA7ouO7P1Pzet/view?usp=sharing into file artifacts/data_ingestion/data.zip]
[2024-09-08 15:45:42,457: INFO: main: >>>>>>>>>> stageData Ingestion Stage completed <<<<<<<<<<
 
=======x]
[2024-09-08 15:45:42,458: INFO: main: *******************]
[2024-09-08 15:45:42,458: INFO: main: >>>>>> stage Prepare base model started <<<<<<]
[2024-09-08 15:45:42,462: INFO: common: yaml file: config\config.yaml loaded successfully]
[2024-09-08 15:45:42,466: INFO: common: yaml file: params.yaml loaded successfully]
[2024-09-08 15:45:42,468: INFO: common: created directory at: artifacts]
[2024-09-08 15:45:42,469: INFO: common: created directory at: artifacts/prepare_base_model]
[2024-09-08 15:45:43,145: WARNING: saving_utils: Compiled the loaded model, but the compiled metrics have yet to be built. `model.compile_metrics` will be empty until you train or evaluate the model.]
[2024-09-08 15:45:43,659: INFO: main: >>>>>> stage Prepare base model completed <<<<<<

x==========x]
[2024-09-08 15:45:43,659: INFO: main: *******************]
[2024-09-08 15:45:43,660: INFO: main: >>>>>> stage Training started <<<<<<]
[2024-09-08 15:45:43,663: INFO: common: yaml file: config\config.yaml loaded successfully]
[2024-09-08 15:45:43,666: INFO: common: yaml file: params.yaml loaded successfully]
[2024-09-08 15:45:43,667: INFO: common: created directory at: artifacts]
[2024-09-08 15:45:43,668: INFO: common: created directory at: artifacts\training]
[2024-09-08 15:47:16,108: INFO: main: >>>>>> stage Training completed <<<<<<

x==========x]
[2024-09-08 15:47:16,108: INFO: main: *******************]
[2024-09-08 15:47:16,109: INFO: main: >>>>>> stage Evaluation stage started <<<<<<]
[2024-09-08 15:47:16,112: INFO: common: yaml file: config\config.yaml loaded successfully]
[2024-09-08 15:47:16,115: INFO: common: yaml file: params.yaml loaded successfully]
[2024-09-08 15:47:16,116: INFO: common: created directory at: artifacts]
[2024-09-08 15:47:26,585: INFO: common: json file saved at: scores.json]
[2024-09-08 15:47:26,586: INFO: common: json file saved at: scores.json]
[2024-09-08 15:47:26,586: INFO: main: >>>>>> stage Evaluation stage completed <<<<<<

x==========x]
[2024-09-08 15:48:56,172: INFO: main: >>>>>>>>>> stageData Ingestion Stage started <<<<<<<<<<]
[2024-09-08 15:48:56,176: INFO: common: yaml file: config\config.yaml loaded successfully]
[2024-09-08 15:48:56,186: INFO: common: yaml file: params.yaml loaded successfully]
[2024-09-08 15:48:56,188: INFO: common: created directory at: artifacts]
[2024-09-08 15:48:56,190: INFO: common: created directory at: artifacts/data_ingestion]
[2024-09-08 15:48:56,192: INFO: data_ingestion: Downloading data from https://drive.google.com/file/d/1A5ecbptJJC2xtEA_ah2dA7ouO7P1Pzet/view?usp=sharing into file artifacts/data_ingestion/data.zip]
[2024-09-08 15:49:09,145: INFO: data_ingestion: Downloaded data from https://drive.google.com/file/d/1A5ecbptJJC2xtEA_ah2dA7ouO7P1Pzet/view?usp=sharing into file artifacts/data_ingestion/data.zip]
[2024-09-08 15:49:09,870: INFO: main: >>>>>>>>>> stageData Ingestion Stage completed <<<<<<<<<<
 
=======x]
[2024-09-08 15:49:09,872: INFO: main: *******************]
[2024-09-08 15:49:09,872: INFO: main: >>>>>> stage Prepare base model started <<<<<<]
[2024-09-08 15:49:09,875: INFO: common: yaml file: config\config.yaml loaded successfully]
[2024-09-08 15:49:09,877: INFO: common: yaml file: params.yaml loaded successfully]
[2024-09-08 15:49:09,878: INFO: common: created directory at: artifacts]
[2024-09-08 15:49:09,880: INFO: common: created directory at: artifacts/prepare_base_model]
[2024-09-08 15:49:10,566: WARNING: saving_utils: Compiled the loaded model, but the compiled metrics have yet to be built. `model.compile_metrics` will be empty until you train or evaluate the model.]
[2024-09-08 15:49:11,022: INFO: main: >>>>>> stage Prepare base model completed <<<<<<

x==========x]
[2024-09-08 15:49:11,023: INFO: main: *******************]
[2024-09-08 15:49:11,024: INFO: main: >>>>>> stage Training started <<<<<<]
[2024-09-08 15:49:11,026: INFO: common: yaml file: config\config.yaml loaded successfully]
[2024-09-08 15:49:11,030: INFO: common: yaml file: params.yaml loaded successfully]
[2024-09-08 15:49:11,030: INFO: common: created directory at: artifacts]
[2024-09-08 15:49:11,032: INFO: common: created directory at: artifacts\training]
[2024-09-08 15:49:42,712: INFO: main: >>>>>> stage Training completed <<<<<<

x==========x]
[2024-09-08 15:49:42,713: INFO: main: *******************]
[2024-09-08 15:49:42,714: INFO: main: >>>>>> stage Evaluation stage started <<<<<<]
[2024-09-08 15:49:42,717: INFO: common: yaml file: config\config.yaml loaded successfully]
[2024-09-08 15:49:42,719: INFO: common: yaml file: params.yaml loaded successfully]
[2024-09-08 15:49:42,720: INFO: common: created directory at: artifacts]
[2024-09-08 15:49:52,737: INFO: common: json file saved at: scores.json]
[2024-09-08 15:49:52,738: INFO: common: json file saved at: scores.json]
[2024-09-08 15:49:52,738: INFO: main: >>>>>> stage Evaluation stage completed <<<<<<

x==========x]
[2024-09-08 15:55:25,386: INFO: main: >>>>>>>>>> stageData Ingestion Stage started <<<<<<<<<<]
[2024-09-08 15:55:25,390: INFO: common: yaml file: config\config.yaml loaded successfully]
[2024-09-08 15:55:25,392: INFO: common: yaml file: params.yaml loaded successfully]
[2024-09-08 15:55:25,393: INFO: common: created directory at: artifacts]
[2024-09-08 15:55:25,395: INFO: common: created directory at: artifacts/data_ingestion]
[2024-09-08 15:55:25,397: INFO: data_ingestion: Downloading data from https://drive.google.com/file/d/1A5ecbptJJC2xtEA_ah2dA7ouO7P1Pzet/view?usp=sharing into file artifacts/data_ingestion/data.zip]
[2024-09-08 15:55:36,449: INFO: data_ingestion: Downloaded data from https://drive.google.com/file/d/1A5ecbptJJC2xtEA_ah2dA7ouO7P1Pzet/view?usp=sharing into file artifacts/data_ingestion/data.zip]
[2024-09-08 15:55:37,214: INFO: main: >>>>>>>>>> stageData Ingestion Stage completed <<<<<<<<<<
 
=======x]
[2024-09-08 15:55:37,214: INFO: main: *******************]
[2024-09-08 15:55:37,214: INFO: main: >>>>>> stage Prepare base model started <<<<<<]
[2024-09-08 15:55:37,217: INFO: common: yaml file: config\config.yaml loaded successfully]
[2024-09-08 15:55:37,219: INFO: common: yaml file: params.yaml loaded successfully]
[2024-09-08 15:55:37,220: INFO: common: created directory at: artifacts]
[2024-09-08 15:55:37,221: INFO: common: created directory at: artifacts/prepare_base_model]
[2024-09-08 15:55:37,905: WARNING: saving_utils: Compiled the loaded model, but the compiled metrics have yet to be built. `model.compile_metrics` will be empty until you train or evaluate the model.]
[2024-09-08 15:55:38,401: INFO: main: >>>>>> stage Prepare base model completed <<<<<<

x==========x]
[2024-09-08 15:55:38,402: INFO: main: *******************]
[2024-09-08 15:55:38,402: INFO: main: >>>>>> stage Training started <<<<<<]
[2024-09-08 15:55:38,406: INFO: common: yaml file: config\config.yaml loaded successfully]
[2024-09-08 15:55:38,409: INFO: common: yaml file: params.yaml loaded successfully]
[2024-09-08 15:55:38,409: INFO: common: created directory at: artifacts]
[2024-09-08 15:55:38,411: INFO: common: created directory at: artifacts\training]
[2024-09-08 15:56:11,648: INFO: main: >>>>>> stage Training completed <<<<<<

x==========x]
[2024-09-08 15:56:11,649: INFO: main: *******************]
[2024-09-08 15:56:11,650: INFO: main: >>>>>> stage Evaluation stage started <<<<<<]
[2024-09-08 15:56:11,654: INFO: common: yaml file: config\config.yaml loaded successfully]
[2024-09-08 15:56:11,656: INFO: common: yaml file: params.yaml loaded successfully]
[2024-09-08 15:56:11,657: INFO: common: created directory at: artifacts]
[2024-09-08 15:56:21,998: INFO: common: json file saved at: scores.json]
[2024-09-08 15:56:21,999: INFO: common: json file saved at: scores.json]
[2024-09-08 15:56:21,999: INFO: main: >>>>>> stage Evaluation stage completed <<<<<<

x==========x]
[2024-09-08 15:59:01,371: INFO: main: >>>>>>>>>> stageData Ingestion Stage started <<<<<<<<<<]
[2024-09-08 15:59:01,374: INFO: common: yaml file: config\config.yaml loaded successfully]
[2024-09-08 15:59:01,378: INFO: common: yaml file: params.yaml loaded successfully]
[2024-09-08 15:59:01,379: INFO: common: created directory at: artifacts]
[2024-09-08 15:59:01,381: INFO: common: created directory at: artifacts/data_ingestion]
[2024-09-08 15:59:01,382: INFO: data_ingestion: Downloading data from https://drive.google.com/file/d/1A5ecbptJJC2xtEA_ah2dA7ouO7P1Pzet/view?usp=sharing into file artifacts/data_ingestion/data.zip]
[2024-09-08 15:59:14,714: INFO: data_ingestion: Downloaded data from https://drive.google.com/file/d/1A5ecbptJJC2xtEA_ah2dA7ouO7P1Pzet/view?usp=sharing into file artifacts/data_ingestion/data.zip]
[2024-09-08 15:59:15,501: INFO: main: >>>>>>>>>> stageData Ingestion Stage completed <<<<<<<<<<
 
=======x]
[2024-09-08 15:59:15,502: INFO: main: *******************]
[2024-09-08 15:59:15,502: INFO: main: >>>>>> stage Prepare base model started <<<<<<]
[2024-09-08 15:59:15,504: INFO: common: yaml file: config\config.yaml loaded successfully]
[2024-09-08 15:59:15,506: INFO: common: yaml file: params.yaml loaded successfully]
[2024-09-08 15:59:15,507: INFO: common: created directory at: artifacts]
[2024-09-08 15:59:15,508: INFO: common: created directory at: artifacts/prepare_base_model]
[2024-09-08 15:59:16,195: WARNING: saving_utils: Compiled the loaded model, but the compiled metrics have yet to be built. `model.compile_metrics` will be empty until you train or evaluate the model.]
[2024-09-08 15:59:16,681: INFO: main: >>>>>> stage Prepare base model completed <<<<<<

x==========x]
[2024-09-08 15:59:16,682: INFO: main: *******************]
[2024-09-08 15:59:16,683: INFO: main: >>>>>> stage Training started <<<<<<]
[2024-09-08 15:59:16,686: INFO: common: yaml file: config\config.yaml loaded successfully]
[2024-09-08 15:59:16,689: INFO: common: yaml file: params.yaml loaded successfully]
[2024-09-08 15:59:16,690: INFO: common: created directory at: artifacts]
[2024-09-08 15:59:16,691: INFO: common: created directory at: artifacts\training]
[2024-09-08 15:59:49,749: INFO: main: >>>>>> stage Training completed <<<<<<

x==========x]
[2024-09-08 15:59:49,750: INFO: main: *******************]
[2024-09-08 15:59:49,750: INFO: main: >>>>>> stage Evaluation stage started <<<<<<]
[2024-09-08 15:59:49,754: INFO: common: yaml file: config\config.yaml loaded successfully]
[2024-09-08 15:59:49,757: INFO: common: yaml file: params.yaml loaded successfully]
[2024-09-08 15:59:49,758: INFO: common: created directory at: artifacts]
[2024-09-08 16:00:00,165: INFO: common: json file saved at: scores.json]
[2024-09-08 16:00:00,167: INFO: common: json file saved at: scores.json]
[2024-09-08 16:00:00,167: INFO: main: >>>>>> stage Evaluation stage completed <<<<<<

x==========x]
[2024-09-08 16:03:28,102: INFO: main: >>>>>>>>>> stageData Ingestion Stage started <<<<<<<<<<]
[2024-09-08 16:03:28,107: INFO: common: yaml file: config\config.yaml loaded successfully]
[2024-09-08 16:03:28,109: INFO: common: yaml file: params.yaml loaded successfully]
[2024-09-08 16:03:28,124: INFO: common: created directory at: artifacts]
[2024-09-08 16:03:28,124: INFO: common: created directory at: artifacts/data_ingestion]
[2024-09-08 16:03:28,126: INFO: data_ingestion: Downloading data from https://drive.google.com/file/d/1A5ecbptJJC2xtEA_ah2dA7ouO7P1Pzet/view?usp=sharing into file artifacts/data_ingestion/data.zip]
[2024-09-08 16:03:38,441: INFO: data_ingestion: Downloaded data from https://drive.google.com/file/d/1A5ecbptJJC2xtEA_ah2dA7ouO7P1Pzet/view?usp=sharing into file artifacts/data_ingestion/data.zip]
[2024-09-08 16:03:39,224: INFO: main: >>>>>>>>>> stageData Ingestion Stage completed <<<<<<<<<<
 
=======x]
[2024-09-08 16:03:39,225: INFO: main: *******************]
[2024-09-08 16:03:39,226: INFO: main: >>>>>> stage Prepare base model started <<<<<<]
[2024-09-08 16:03:39,229: INFO: common: yaml file: config\config.yaml loaded successfully]
[2024-09-08 16:03:39,232: INFO: common: yaml file: params.yaml loaded successfully]
[2024-09-08 16:03:39,233: INFO: common: created directory at: artifacts]
[2024-09-08 16:03:39,234: INFO: common: created directory at: artifacts/prepare_base_model]
[2024-09-08 16:03:39,990: WARNING: saving_utils: Compiled the loaded model, but the compiled metrics have yet to be built. `model.compile_metrics` will be empty until you train or evaluate the model.]
[2024-09-08 16:03:40,471: INFO: main: >>>>>> stage Prepare base model completed <<<<<<

x==========x]
[2024-09-08 16:03:40,472: INFO: main: *******************]
[2024-09-08 16:03:40,472: INFO: main: >>>>>> stage Training started <<<<<<]
[2024-09-08 16:03:40,475: INFO: common: yaml file: config\config.yaml loaded successfully]
[2024-09-08 16:03:40,479: INFO: common: yaml file: params.yaml loaded successfully]
[2024-09-08 16:03:40,480: INFO: common: created directory at: artifacts]
[2024-09-08 16:03:40,482: INFO: common: created directory at: artifacts\training]
[2024-09-08 16:04:14,392: INFO: main: >>>>>> stage Training completed <<<<<<

x==========x]
[2024-09-08 16:04:14,393: INFO: main: *******************]
[2024-09-08 16:04:14,394: INFO: main: >>>>>> stage Evaluation stage started <<<<<<]
[2024-09-08 16:04:14,398: INFO: common: yaml file: config\config.yaml loaded successfully]
[2024-09-08 16:04:14,400: INFO: common: yaml file: params.yaml loaded successfully]
[2024-09-08 16:04:14,402: INFO: common: created directory at: artifacts]
[2024-09-08 16:04:24,514: INFO: common: json file saved at: scores.json]
[2024-09-08 16:04:24,516: INFO: common: json file saved at: scores.json]
[2024-09-08 16:04:24,516: INFO: main: >>>>>> stage Evaluation stage completed <<<<<<

x==========x]
[2024-09-08 16:06:31,658: INFO: main: >>>>>>>>>> stageData Ingestion Stage started <<<<<<<<<<]
[2024-09-08 16:06:31,661: INFO: common: yaml file: config\config.yaml loaded successfully]
[2024-09-08 16:06:31,663: INFO: common: yaml file: params.yaml loaded successfully]
[2024-09-08 16:06:31,664: INFO: common: created directory at: artifacts]
[2024-09-08 16:06:31,678: INFO: common: created directory at: artifacts/data_ingestion]
[2024-09-08 16:06:31,678: INFO: data_ingestion: Downloading data from https://drive.google.com/file/d/1A5ecbptJJC2xtEA_ah2dA7ouO7P1Pzet/view?usp=sharing into file artifacts/data_ingestion/data.zip]
[2024-09-08 16:06:43,533: INFO: data_ingestion: Downloaded data from https://drive.google.com/file/d/1A5ecbptJJC2xtEA_ah2dA7ouO7P1Pzet/view?usp=sharing into file artifacts/data_ingestion/data.zip]
[2024-09-08 16:06:44,236: INFO: main: >>>>>>>>>> stageData Ingestion Stage completed <<<<<<<<<<
 
=======x]
[2024-09-08 16:06:44,237: INFO: main: *******************]
[2024-09-08 16:06:44,237: INFO: main: >>>>>> stage Prepare base model started <<<<<<]
[2024-09-08 16:06:44,242: INFO: common: yaml file: config\config.yaml loaded successfully]
[2024-09-08 16:06:44,245: INFO: common: yaml file: params.yaml loaded successfully]
[2024-09-08 16:06:44,246: INFO: common: created directory at: artifacts]
[2024-09-08 16:06:44,247: INFO: common: created directory at: artifacts/prepare_base_model]
[2024-09-08 16:06:44,919: WARNING: saving_utils: Compiled the loaded model, but the compiled metrics have yet to be built. `model.compile_metrics` will be empty until you train or evaluate the model.]
[2024-09-08 16:06:45,385: INFO: main: >>>>>> stage Prepare base model completed <<<<<<

x==========x]
[2024-09-08 16:06:45,386: INFO: main: *******************]
[2024-09-08 16:06:45,386: INFO: main: >>>>>> stage Training started <<<<<<]
[2024-09-08 16:06:45,389: INFO: common: yaml file: config\config.yaml loaded successfully]
[2024-09-08 16:06:45,392: INFO: common: yaml file: params.yaml loaded successfully]
[2024-09-08 16:06:45,393: INFO: common: created directory at: artifacts]
[2024-09-08 16:06:45,395: INFO: common: created directory at: artifacts\training]
[2024-09-08 16:07:17,428: INFO: main: >>>>>> stage Training completed <<<<<<

x==========x]
[2024-09-08 16:07:17,430: INFO: main: *******************]
[2024-09-08 16:07:17,430: INFO: main: >>>>>> stage Evaluation stage started <<<<<<]
[2024-09-08 16:07:17,434: INFO: common: yaml file: config\config.yaml loaded successfully]
[2024-09-08 16:07:17,437: INFO: common: yaml file: params.yaml loaded successfully]
[2024-09-08 16:07:17,438: INFO: common: created directory at: artifacts]
[2024-09-08 16:07:27,440: INFO: common: json file saved at: scores.json]
[2024-09-08 16:07:27,441: INFO: common: json file saved at: scores.json]
[2024-09-08 16:07:27,441: INFO: main: >>>>>> stage Evaluation stage completed <<<<<<

x==========x]
[2024-09-08 16:11:30,353: INFO: main: >>>>>>>>>> stageData Ingestion Stage started <<<<<<<<<<]
[2024-09-08 16:11:30,357: INFO: common: yaml file: config\config.yaml loaded successfully]
[2024-09-08 16:11:30,359: INFO: common: yaml file: params.yaml loaded successfully]
[2024-09-08 16:11:30,360: INFO: common: created directory at: artifacts]
[2024-09-08 16:11:30,373: INFO: common: created directory at: artifacts/data_ingestion]
[2024-09-08 16:11:30,376: INFO: data_ingestion: Downloading data from https://drive.google.com/file/d/1A5ecbptJJC2xtEA_ah2dA7ouO7P1Pzet/view?usp=sharing into file artifacts/data_ingestion/data.zip]
[2024-09-08 16:11:44,958: INFO: data_ingestion: Downloaded data from https://drive.google.com/file/d/1A5ecbptJJC2xtEA_ah2dA7ouO7P1Pzet/view?usp=sharing into file artifacts/data_ingestion/data.zip]
[2024-09-08 16:11:45,656: INFO: main: >>>>>>>>>> stageData Ingestion Stage completed <<<<<<<<<<
 
=======x]
[2024-09-08 16:11:45,657: INFO: main: *******************]
[2024-09-08 16:11:45,657: INFO: main: >>>>>> stage Prepare base model started <<<<<<]
[2024-09-08 16:11:45,661: INFO: common: yaml file: config\config.yaml loaded successfully]
[2024-09-08 16:11:45,664: INFO: common: yaml file: params.yaml loaded successfully]
[2024-09-08 16:11:45,665: INFO: common: created directory at: artifacts]
[2024-09-08 16:11:45,668: INFO: common: created directory at: artifacts/prepare_base_model]
[2024-09-08 16:11:46,385: WARNING: saving_utils: Compiled the loaded model, but the compiled metrics have yet to be built. `model.compile_metrics` will be empty until you train or evaluate the model.]
[2024-09-08 16:11:46,843: INFO: main: >>>>>> stage Prepare base model completed <<<<<<

x==========x]
[2024-09-08 16:11:46,844: INFO: main: *******************]
[2024-09-08 16:11:46,845: INFO: main: >>>>>> stage Training started <<<<<<]
[2024-09-08 16:11:46,847: INFO: common: yaml file: config\config.yaml loaded successfully]
[2024-09-08 16:11:46,849: INFO: common: yaml file: params.yaml loaded successfully]
[2024-09-08 16:11:46,851: INFO: common: created directory at: artifacts]
[2024-09-08 16:11:46,852: INFO: common: created directory at: artifacts\training]
[2024-09-08 16:12:20,726: INFO: main: >>>>>> stage Training completed <<<<<<

x==========x]
[2024-09-08 16:12:20,727: INFO: main: *******************]
[2024-09-08 16:12:20,728: INFO: main: >>>>>> stage Evaluation stage started <<<<<<]
[2024-09-08 16:12:20,731: INFO: common: yaml file: config\config.yaml loaded successfully]
[2024-09-08 16:12:20,734: INFO: common: yaml file: params.yaml loaded successfully]
[2024-09-08 16:12:20,736: INFO: common: created directory at: artifacts]
[2024-09-08 16:12:31,577: INFO: common: json file saved at: scores.json]
[2024-09-08 16:12:31,579: INFO: common: json file saved at: scores.json]
[2024-09-08 16:12:31,579: INFO: main: >>>>>> stage Evaluation stage completed <<<<<<

x==========x]
[2024-09-08 16:14:49,068: INFO: common: yaml file: config\config.yaml loaded successfully]
[2024-09-08 16:14:49,073: INFO: common: yaml file: params.yaml loaded successfully]
[2024-09-08 16:14:49,076: INFO: common: created directory at: artifacts]
[2024-09-08 16:14:59,808: INFO: common: json file saved at: scores.json]
[2024-09-08 16:15:03,907: WARNING: save: Found untraced functions such as _jit_compiled_convolution_op, _jit_compiled_convolution_op, _jit_compiled_convolution_op, _jit_compiled_convolution_op, _jit_compiled_convolution_op while saving (showing 5 of 14). These functions will not be directly callable after loading.]
[2024-09-08 16:15:04,972: INFO: builder_impl: Assets written to: C:\Users\aarus\AppData\Local\Temp\tmpfqdlybm3\model\data\model\assets]
[2024-09-08 16:16:31,479: INFO: main: >>>>>>>>>> stageData Ingestion Stage started <<<<<<<<<<]
[2024-09-08 16:16:31,480: INFO: common: yaml file: config\config.yaml loaded successfully]
[2024-09-08 16:16:31,481: INFO: common: yaml file: params.yaml loaded successfully]
[2024-09-08 16:16:31,482: INFO: common: created directory at: artifacts]
[2024-09-08 16:16:31,482: INFO: common: created directory at: artifacts/data_ingestion]
[2024-09-08 16:16:31,483: INFO: data_ingestion: Downloading data from https://drive.google.com/file/d/1A5ecbptJJC2xtEA_ah2dA7ouO7P1Pzet/view?usp=sharing into file artifacts/data_ingestion/data.zip]
[2024-09-08 16:16:40,953: INFO: data_ingestion: Downloaded data from https://drive.google.com/file/d/1A5ecbptJJC2xtEA_ah2dA7ouO7P1Pzet/view?usp=sharing into file artifacts/data_ingestion/data.zip]
[2024-09-08 16:16:41,273: INFO: main: >>>>>>>>>> stageData Ingestion Stage completed <<<<<<<<<<
 
=======x]
[2024-09-08 16:16:41,273: INFO: main: *******************]
[2024-09-08 16:16:41,273: INFO: main: >>>>>> stage Prepare base model started <<<<<<]
[2024-09-08 16:16:41,275: INFO: common: yaml file: config\config.yaml loaded successfully]
[2024-09-08 16:16:41,275: INFO: common: yaml file: params.yaml loaded successfully]
[2024-09-08 16:16:41,276: INFO: common: created directory at: artifacts]
[2024-09-08 16:16:41,276: INFO: common: created directory at: artifacts/prepare_base_model]
[2024-09-08 16:16:41,599: WARNING: saving_utils: Compiled the loaded model, but the compiled metrics have yet to be built. `model.compile_metrics` will be empty until you train or evaluate the model.]
[2024-09-08 16:16:41,860: INFO: main: >>>>>> stage Prepare base model completed <<<<<<

x==========x]
[2024-09-08 16:16:41,860: INFO: main: *******************]
[2024-09-08 16:16:41,860: INFO: main: >>>>>> stage Training started <<<<<<]
[2024-09-08 16:16:41,862: INFO: common: yaml file: config\config.yaml loaded successfully]
[2024-09-08 16:16:41,863: INFO: common: yaml file: params.yaml loaded successfully]
[2024-09-08 16:16:41,863: INFO: common: created directory at: artifacts]
[2024-09-08 16:16:41,863: INFO: common: created directory at: artifacts\training]
[2024-09-08 16:17:08,913: INFO: main: >>>>>> stage Training completed <<<<<<

x==========x]
[2024-09-08 16:17:08,914: INFO: main: *******************]
[2024-09-08 16:17:08,914: INFO: main: >>>>>> stage Evaluation stage started <<<<<<]
[2024-09-08 16:17:08,915: INFO: common: yaml file: config\config.yaml loaded successfully]
[2024-09-08 16:17:08,916: INFO: common: yaml file: params.yaml loaded successfully]
[2024-09-08 16:17:08,917: INFO: common: created directory at: artifacts]
[2024-09-08 16:17:17,422: INFO: common: json file saved at: scores.json]
[2024-09-08 16:17:17,423: INFO: common: json file saved at: scores.json]
[2024-09-08 16:17:17,423: INFO: main: >>>>>> stage Evaluation stage completed <<<<<<

x==========x]
[2024-09-08 16:18:11,774: INFO: main: >>>>>>>>>> stageData Ingestion Stage started <<<<<<<<<<]
[2024-09-08 16:18:11,776: INFO: common: yaml file: config\config.yaml loaded successfully]
[2024-09-08 16:18:11,778: INFO: common: yaml file: params.yaml loaded successfully]
[2024-09-08 16:18:11,778: INFO: common: created directory at: artifacts]
[2024-09-08 16:18:11,779: INFO: common: created directory at: artifacts/data_ingestion]
[2024-09-08 16:18:11,779: INFO: data_ingestion: Downloading data from https://drive.google.com/file/d/1A5ecbptJJC2xtEA_ah2dA7ouO7P1Pzet/view?usp=sharing into file artifacts/data_ingestion/data.zip]
[2024-09-08 16:18:25,603: INFO: data_ingestion: Downloaded data from https://drive.google.com/file/d/1A5ecbptJJC2xtEA_ah2dA7ouO7P1Pzet/view?usp=sharing into file artifacts/data_ingestion/data.zip]
[2024-09-08 16:18:25,909: INFO: main: >>>>>>>>>> stageData Ingestion Stage completed <<<<<<<<<<
 
=======x]
[2024-09-08 16:18:25,910: INFO: main: *******************]
[2024-09-08 16:18:25,910: INFO: main: >>>>>> stage Prepare base model started <<<<<<]
[2024-09-08 16:18:25,912: INFO: common: yaml file: config\config.yaml loaded successfully]
[2024-09-08 16:18:25,913: INFO: common: yaml file: params.yaml loaded successfully]
[2024-09-08 16:18:25,913: INFO: common: created directory at: artifacts]
[2024-09-08 16:18:25,914: INFO: common: created directory at: artifacts/prepare_base_model]
[2024-09-08 16:18:26,225: WARNING: saving_utils: Compiled the loaded model, but the compiled metrics have yet to be built. `model.compile_metrics` will be empty until you train or evaluate the model.]
[2024-09-08 16:18:26,562: INFO: main: >>>>>> stage Prepare base model completed <<<<<<

x==========x]
[2024-09-08 16:18:26,562: INFO: main: *******************]
[2024-09-08 16:18:26,562: INFO: main: >>>>>> stage Training started <<<<<<]
[2024-09-08 16:18:26,564: INFO: common: yaml file: config\config.yaml loaded successfully]
[2024-09-08 16:18:26,566: INFO: common: yaml file: params.yaml loaded successfully]
[2024-09-08 16:18:26,566: INFO: common: created directory at: artifacts]
[2024-09-08 16:18:26,566: INFO: common: created directory at: artifacts\training]
[2024-09-08 16:19:21,302: INFO: main: >>>>>> stage Training completed <<<<<<

x==========x]
[2024-09-08 16:19:21,303: INFO: main: *******************]
[2024-09-08 16:19:21,303: INFO: main: >>>>>> stage Evaluation stage started <<<<<<]
[2024-09-08 16:19:21,304: INFO: common: yaml file: config\config.yaml loaded successfully]
[2024-09-08 16:19:21,305: INFO: common: yaml file: params.yaml loaded successfully]
[2024-09-08 16:19:21,306: INFO: common: created directory at: artifacts]
[2024-09-08 16:19:30,025: INFO: common: json file saved at: scores.json]
[2024-09-08 16:19:30,026: INFO: common: json file saved at: scores.json]
[2024-09-08 16:19:30,026: INFO: main: >>>>>> stage Evaluation stage completed <<<<<<

x==========x]
[2024-09-08 16:20:46,911: INFO: main: >>>>>>>>>> stageData Ingestion Stage started <<<<<<<<<<]
[2024-09-08 16:20:46,913: INFO: common: yaml file: config\config.yaml loaded successfully]
[2024-09-08 16:20:46,914: INFO: common: yaml file: params.yaml loaded successfully]
[2024-09-08 16:20:46,914: INFO: common: created directory at: artifacts]
[2024-09-08 16:20:46,915: INFO: common: created directory at: artifacts/data_ingestion]
[2024-09-08 16:20:46,915: INFO: data_ingestion: Downloading data from https://drive.google.com/file/d/1A5ecbptJJC2xtEA_ah2dA7ouO7P1Pzet/view?usp=sharing into file artifacts/data_ingestion/data.zip]
[2024-09-08 16:20:55,599: INFO: data_ingestion: Downloaded data from https://drive.google.com/file/d/1A5ecbptJJC2xtEA_ah2dA7ouO7P1Pzet/view?usp=sharing into file artifacts/data_ingestion/data.zip]
[2024-09-08 16:20:55,903: INFO: main: >>>>>>>>>> stageData Ingestion Stage completed <<<<<<<<<<
 
=======x]
[2024-09-08 16:20:55,904: INFO: main: *******************]
[2024-09-08 16:20:55,904: INFO: main: >>>>>> stage Prepare base model started <<<<<<]
[2024-09-08 16:20:55,905: INFO: common: yaml file: config\config.yaml loaded successfully]
[2024-09-08 16:20:55,906: INFO: common: yaml file: params.yaml loaded successfully]
[2024-09-08 16:20:55,907: INFO: common: created directory at: artifacts]
[2024-09-08 16:20:55,907: INFO: common: created directory at: artifacts/prepare_base_model]
[2024-09-08 16:20:56,212: WARNING: saving_utils: Compiled the loaded model, but the compiled metrics have yet to be built. `model.compile_metrics` will be empty until you train or evaluate the model.]
[2024-09-08 16:20:56,474: INFO: main: >>>>>> stage Prepare base model completed <<<<<<

x==========x]
[2024-09-08 16:20:56,474: INFO: main: *******************]
[2024-09-08 16:20:56,474: INFO: main: >>>>>> stage Training started <<<<<<]
[2024-09-08 16:20:56,476: INFO: common: yaml file: config\config.yaml loaded successfully]
[2024-09-08 16:20:56,477: INFO: common: yaml file: params.yaml loaded successfully]
[2024-09-08 16:20:56,478: INFO: common: created directory at: artifacts]
[2024-09-08 16:20:56,478: INFO: common: created directory at: artifacts\training]
[2024-09-08 16:21:49,359: INFO: main: >>>>>> stage Training completed <<<<<<

x==========x]
[2024-09-08 16:21:49,359: INFO: main: *******************]
[2024-09-08 16:21:49,359: INFO: main: >>>>>> stage Evaluation stage started <<<<<<]
[2024-09-08 16:21:49,361: INFO: common: yaml file: config\config.yaml loaded successfully]
[2024-09-08 16:21:49,363: INFO: common: yaml file: params.yaml loaded successfully]
[2024-09-08 16:21:49,363: INFO: common: created directory at: artifacts]
[2024-09-08 16:21:58,129: INFO: common: json file saved at: scores.json]
[2024-09-08 16:21:58,130: INFO: common: json file saved at: scores.json]
[2024-09-08 16:21:58,130: INFO: main: >>>>>> stage Evaluation stage completed <<<<<<

x==========x]
[2024-09-08 16:23:57,444: INFO: common: yaml file: config\config.yaml loaded successfully]
[2024-09-08 16:23:57,447: INFO: common: yaml file: params.yaml loaded successfully]
[2024-09-08 16:23:57,448: INFO: common: created directory at: artifacts]
[2024-09-08 16:24:05,520: INFO: common: json file saved at: scores.json]
[2024-09-08 16:24:08,453: WARNING: save: Found untraced functions such as _jit_compiled_convolution_op, _jit_compiled_convolution_op, _jit_compiled_convolution_op, _jit_compiled_convolution_op, _jit_compiled_convolution_op while saving (showing 5 of 14). These functions will not be directly callable after loading.]
[2024-09-08 16:24:08,898: INFO: builder_impl: Assets written to: C:\Users\aarus\AppData\Local\Temp\tmpb55fnwcv\model\data\model\assets]
[2024-09-08 16:48:03,176: INFO: stage_01_data_ingestion: >>>>>>>>>> stageData Ingestion Stage started <<<<<<<<<<]
[2024-09-08 16:48:03,177: INFO: common: yaml file: config\config.yaml loaded successfully]
[2024-09-08 16:48:03,178: INFO: common: yaml file: params.yaml loaded successfully]
[2024-09-08 16:48:03,179: INFO: common: created directory at: artifacts]
[2024-09-08 16:48:03,179: INFO: common: created directory at: artifacts/data_ingestion]
[2024-09-08 16:48:03,180: INFO: data_ingestion: Downloading data from https://drive.google.com/file/d/1A5ecbptJJC2xtEA_ah2dA7ouO7P1Pzet/view?usp=sharing into file artifacts/data_ingestion/data.zip]
[2024-09-08 16:48:16,069: INFO: data_ingestion: Downloaded data from https://drive.google.com/file/d/1A5ecbptJJC2xtEA_ah2dA7ouO7P1Pzet/view?usp=sharing into file artifacts/data_ingestion/data.zip]
[2024-09-08 16:48:16,390: INFO: stage_01_data_ingestion: >>>>>>>>>> stageData Ingestion Stage completed <<<<<<<<<<
 
=======x]
[2024-09-08 16:48:22,635: INFO: stage_02_prepare_base_model: *******************]
[2024-09-08 16:48:22,635: INFO: stage_02_prepare_base_model: >>>>>> stage Prepare base model started <<<<<<]
[2024-09-08 16:48:22,637: INFO: common: yaml file: config\config.yaml loaded successfully]
[2024-09-08 16:48:22,638: INFO: common: yaml file: params.yaml loaded successfully]
[2024-09-08 16:48:22,638: INFO: common: created directory at: artifacts]
[2024-09-08 16:48:22,638: INFO: common: created directory at: artifacts/prepare_base_model]
[2024-09-08 16:48:23,044: WARNING: saving_utils: Compiled the loaded model, but the compiled metrics have yet to be built. `model.compile_metrics` will be empty until you train or evaluate the model.]
[2024-09-08 16:48:23,205: INFO: stage_02_prepare_base_model: >>>>>> stage Prepare base model completed <<<<<<

x==========x]
[2024-09-08 16:48:28,109: INFO: stage_03_model_trainer: *******************]
[2024-09-08 16:48:28,109: INFO: stage_03_model_trainer: >>>>>> stage Training started <<<<<<]
[2024-09-08 16:48:28,111: INFO: common: yaml file: config\config.yaml loaded successfully]
[2024-09-08 16:48:28,112: INFO: common: yaml file: params.yaml loaded successfully]
[2024-09-08 16:48:28,113: INFO: common: created directory at: artifacts]
[2024-09-08 16:48:28,113: INFO: common: created directory at: artifacts\training]
[2024-09-08 16:49:25,753: INFO: stage_03_model_trainer: >>>>>> stage Training completed <<<<<<

x==========x]
[2024-09-08 16:49:31,411: INFO: stage_04_model_evaluation: *******************]
[2024-09-08 16:49:31,411: INFO: stage_04_model_evaluation: >>>>>> stage Evaluation stage started <<<<<<]
[2024-09-08 16:49:31,413: INFO: common: yaml file: config\config.yaml loaded successfully]
[2024-09-08 16:49:31,414: INFO: common: yaml file: params.yaml loaded successfully]
[2024-09-08 16:49:31,414: INFO: common: created directory at: artifacts]
[2024-09-08 16:49:41,742: INFO: common: json file saved at: scores.json]
[2024-09-08 16:49:41,743: INFO: common: json file saved at: scores.json]
[2024-09-08 16:49:41,744: INFO: stage_04_model_evaluation: >>>>>> stage Evaluation stage completed <<<<<<

x==========x]
[2024-09-08 17:22:58,561: INFO: _internal: [31m[1mWARNING: This is a development server. Do not use it in a production deployment. Use a production WSGI server instead.[0m
 * Running on all addresses (0.0.0.0)
 * Running on http://127.0.0.1:8080
 * Running on http://192.168.1.10:8080]
[2024-09-08 17:22:58,562: INFO: _internal: [33mPress CTRL+C to quit[0m]
[2024-09-08 17:23:08,427: INFO: _internal: 127.0.0.1 - - [08/Sep/2024 17:23:08] "GET / HTTP/1.1" 200 -]
[2024-09-08 17:24:14,620: ERROR: app: Exception on /predict [POST]]
Traceback (most recent call last):
  File "D:\Projects\Chest CT scan project\venv\Lib\site-packages\flask\app.py", line 2190, in wsgi_app
    response = self.full_dispatch_request()
               ^^^^^^^^^^^^^^^^^^^^^^^^^^^^
  File "D:\Projects\Chest CT scan project\venv\Lib\site-packages\flask\app.py", line 1486, in full_dispatch_request
    rv = self.handle_user_exception(e)
         ^^^^^^^^^^^^^^^^^^^^^^^^^^^^^
  File "D:\Projects\Chest CT scan project\venv\Lib\site-packages\flask_cors\extension.py", line 194, in wrapped_function
    return cors_after_request(app.make_response(f(*args, **kwargs)))
                                                ^^^^^^^^^^^^^^^^^^
  File "D:\Projects\Chest CT scan project\venv\Lib\site-packages\flask\app.py", line 1484, in full_dispatch_request
    rv = self.dispatch_request()
         ^^^^^^^^^^^^^^^^^^^^^^^
  File "D:\Projects\Chest CT scan project\venv\Lib\site-packages\flask\app.py", line 1469, in dispatch_request
    return self.ensure_sync(self.view_functions[rule.endpoint])(**view_args)
           ^^^^^^^^^^^^^^^^^^^^^^^^^^^^^^^^^^^^^^^^^^^^^^^^^^^^^^^^^^^^^^^^^
  File "D:\Projects\Chest CT scan project\venv\Lib\site-packages\flask_cors\decorator.py", line 130, in wrapped_function
    resp = make_response(f(*args, **kwargs))
                         ^^^^^^^^^^^^^^^^^^
  File "D:\Projects\Chest CT scan project\app.py", line 46, in predictRoute
    result = clApp.classifier.predict()
             ^^^^^^^^^^^^^^^^^^^^^^^^^^
  File "d:\projects\chest ct scan project\src\ChestCancerClassifier\pipeline\prediction.py", line 18, in predict
    model = load_model(os.path.join("model", "model.h5"))
            ^^^^^^^^^^^^^^^^^^^^^^^^^^^^^^^^^^^^^^^^^^^^^
  File "D:\Projects\Chest CT scan project\venv\Lib\site-packages\keras\saving\saving_api.py", line 212, in load_model
    return legacy_sm_saving_lib.load_model(
           ^^^^^^^^^^^^^^^^^^^^^^^^^^^^^^^^
  File "D:\Projects\Chest CT scan project\venv\Lib\site-packages\keras\utils\traceback_utils.py", line 70, in error_handler
    raise e.with_traceback(filtered_tb) from None
  File "D:\Projects\Chest CT scan project\venv\Lib\site-packages\keras\saving\legacy\save.py", line 230, in load_model
    raise IOError(
OSError: No file or directory found at model\model.h5
[2024-09-08 17:24:14,664: INFO: _internal: 127.0.0.1 - - [08/Sep/2024 17:24:14] "[35m[1mPOST /predict HTTP/1.1[0m" 500 -]
[2024-09-08 17:24:41,675: INFO: _internal: 127.0.0.1 - - [08/Sep/2024 17:24:41] "GET / HTTP/1.1" 200 -]
[2024-09-08 17:32:01,764: INFO: _internal: [31m[1mWARNING: This is a development server. Do not use it in a production deployment. Use a production WSGI server instead.[0m
 * Running on all addresses (0.0.0.0)
 * Running on http://127.0.0.1:8080
 * Running on http://192.168.1.10:8080]
[2024-09-08 17:32:01,765: INFO: _internal: [33mPress CTRL+C to quit[0m]
[2024-09-08 17:32:11,084: INFO: _internal: 127.0.0.1 - - [08/Sep/2024 17:32:11] "GET / HTTP/1.1" 200 -]
[2024-09-08 17:32:20,129: INFO: _internal: 127.0.0.1 - - [08/Sep/2024 17:32:20] "POST /predict HTTP/1.1" 200 -]
[2024-09-08 17:37:30,764: INFO: _internal: [31m[1mWARNING: This is a development server. Do not use it in a production deployment. Use a production WSGI server instead.[0m
 * Running on all addresses (0.0.0.0)
 * Running on http://127.0.0.1:8080
 * Running on http://192.168.1.10:8080]
[2024-09-08 17:37:30,765: INFO: _internal: [33mPress CTRL+C to quit[0m]
[2024-09-08 17:37:38,681: INFO: _internal: 127.0.0.1 - - [08/Sep/2024 17:37:38] "GET / HTTP/1.1" 200 -]
[2024-09-08 17:37:47,231: INFO: _internal: 127.0.0.1 - - [08/Sep/2024 17:37:47] "POST /predict HTTP/1.1" 200 -]
[2024-09-08 17:38:05,770: INFO: _internal: 127.0.0.1 - - [08/Sep/2024 17:38:05] "POST /predict HTTP/1.1" 200 -]
[2024-09-08 17:38:08,557: INFO: _internal: 127.0.0.1 - - [08/Sep/2024 17:38:08] "POST /predict HTTP/1.1" 200 -]
[2024-09-08 17:38:17,476: INFO: _internal: 127.0.0.1 - - [08/Sep/2024 17:38:17] "POST /predict HTTP/1.1" 200 -]
[2024-09-08 17:40:02,099: INFO: _internal: [31m[1mWARNING: This is a development server. Do not use it in a production deployment. Use a production WSGI server instead.[0m
 * Running on all addresses (0.0.0.0)
 * Running on http://127.0.0.1:8080
 * Running on http://192.168.1.10:8080]
[2024-09-08 17:40:02,100: INFO: _internal: [33mPress CTRL+C to quit[0m]
[2024-09-08 17:40:04,869: INFO: _internal: 127.0.0.1 - - [08/Sep/2024 17:40:04] "GET / HTTP/1.1" 200 -]
[2024-09-08 17:40:12,924: INFO: _internal: 127.0.0.1 - - [08/Sep/2024 17:40:12] "POST /predict HTTP/1.1" 200 -]
[2024-09-08 17:40:48,967: INFO: _internal: [31m[1mWARNING: This is a development server. Do not use it in a production deployment. Use a production WSGI server instead.[0m
 * Running on all addresses (0.0.0.0)
 * Running on http://127.0.0.1:8080
 * Running on http://192.168.1.10:8080]
[2024-09-08 17:40:48,968: INFO: _internal: [33mPress CTRL+C to quit[0m]
[2024-09-08 17:40:51,797: INFO: _internal: 127.0.0.1 - - [08/Sep/2024 17:40:51] "GET / HTTP/1.1" 200 -]
[2024-09-08 17:41:01,038: INFO: _internal: 127.0.0.1 - - [08/Sep/2024 17:41:01] "POST /predict HTTP/1.1" 200 -]
[2024-09-08 17:53:14,981: INFO: _internal: [31m[1mWARNING: This is a development server. Do not use it in a production deployment. Use a production WSGI server instead.[0m
 * Running on all addresses (0.0.0.0)
 * Running on http://127.0.0.1:8080
 * Running on http://192.168.1.10:8080]
[2024-09-08 17:53:14,982: INFO: _internal: [33mPress CTRL+C to quit[0m]
[2024-09-08 17:53:25,721: INFO: _internal: 127.0.0.1 - - [08/Sep/2024 17:53:25] "GET / HTTP/1.1" 200 -]
[2024-09-08 17:53:34,144: INFO: _internal: 127.0.0.1 - - [08/Sep/2024 17:53:34] "POST /predict HTTP/1.1" 200 -]
[2024-09-08 17:56:01,232: INFO: _internal: 127.0.0.1 - - [08/Sep/2024 17:56:01] "GET / HTTP/1.1" 200 -]
[2024-09-08 17:56:08,695: INFO: _internal: 127.0.0.1 - - [08/Sep/2024 17:56:08] "POST /predict HTTP/1.1" 200 -]
[2024-09-08 17:58:56,624: INFO: _internal: 127.0.0.1 - - [08/Sep/2024 17:58:56] "GET / HTTP/1.1" 200 -]
[2024-09-08 17:59:02,579: INFO: _internal: 127.0.0.1 - - [08/Sep/2024 17:59:02] "POST /predict HTTP/1.1" 200 -]
[2024-09-08 18:00:46,720: INFO: _internal: 127.0.0.1 - - [08/Sep/2024 18:00:46] "GET / HTTP/1.1" 200 -]
[2024-09-08 18:00:54,039: INFO: _internal: 127.0.0.1 - - [08/Sep/2024 18:00:54] "POST /predict HTTP/1.1" 200 -]
[2024-09-08 18:01:10,377: WARNING: polymorphic_function: 5 out of the last 5 calls to <function Model.make_predict_function.<locals>.predict_function at 0x000001A5C9886340> triggered tf.function retracing. Tracing is expensive and the excessive number of tracings could be due to (1) creating @tf.function repeatedly in a loop, (2) passing tensors with different shapes, (3) passing Python objects instead of tensors. For (1), please define your @tf.function outside of the loop. For (2), @tf.function has reduce_retracing=True option that can avoid unnecessary retracing. For (3), please refer to https://www.tensorflow.org/guide/function#controlling_retracing and https://www.tensorflow.org/api_docs/python/tf/function for  more details.]
[2024-09-08 18:01:10,389: INFO: _internal: 127.0.0.1 - - [08/Sep/2024 18:01:10] "POST /predict HTTP/1.1" 200 -]
[2024-09-08 18:01:12,641: INFO: _internal: 127.0.0.1 - - [08/Sep/2024 18:01:12] "GET / HTTP/1.1" 200 -]
[2024-09-08 18:01:20,765: WARNING: polymorphic_function: 6 out of the last 6 calls to <function Model.make_predict_function.<locals>.predict_function at 0x000001A5C9886D40> triggered tf.function retracing. Tracing is expensive and the excessive number of tracings could be due to (1) creating @tf.function repeatedly in a loop, (2) passing tensors with different shapes, (3) passing Python objects instead of tensors. For (1), please define your @tf.function outside of the loop. For (2), @tf.function has reduce_retracing=True option that can avoid unnecessary retracing. For (3), please refer to https://www.tensorflow.org/guide/function#controlling_retracing and https://www.tensorflow.org/api_docs/python/tf/function for  more details.]
[2024-09-08 18:01:20,774: INFO: _internal: 127.0.0.1 - - [08/Sep/2024 18:01:20] "POST /predict HTTP/1.1" 200 -]
[2024-09-08 18:01:54,330: INFO: _internal: [31m[1mWARNING: This is a development server. Do not use it in a production deployment. Use a production WSGI server instead.[0m
 * Running on all addresses (0.0.0.0)
 * Running on http://127.0.0.1:8080
 * Running on http://192.168.1.10:8080]
[2024-09-08 18:01:54,331: INFO: _internal: [33mPress CTRL+C to quit[0m]
[2024-09-08 18:01:58,034: INFO: _internal: 127.0.0.1 - - [08/Sep/2024 18:01:58] "GET / HTTP/1.1" 200 -]
[2024-09-08 18:02:06,937: INFO: _internal: 127.0.0.1 - - [08/Sep/2024 18:02:06] "POST /predict HTTP/1.1" 200 -]
